T0E00 112260:746 SEGGER J-Link V6.10k Log File (0000ms, 35727ms total)
T0E00 112260:746 DLL Compiled: Nov  4 2016 18:39:32 (0000ms, 35727ms total)
T0E00 112260:746 Logging started @ 2017-03-28 22:18 (0000ms, 35727ms total)
T1C08 112261:663 JLINK_EMU_GetList(InterfaceMask = 0x00000001, MaxInfos = 0x00000032) [0]: USB, S/N: 268005015  returns 0x01 (0000ms, 35727ms total)
T0E00 112261:936 JLINK_ExecCommand("Device = AT91SAM3S1A", ...). Device "ATSAM3S1A" selected.  returns 0x00 (0001ms, 35728ms total)
T0E00 112261:962 JLINK_ExecCommand("ProjectFile = D:\GoogleDrive\my_documents\projects\170101_Trinidad\Fw\FW\Germbox_mk_I\Germbox_MK_I\jlink.config", ...).   returns 0x00 (0001ms, 35729ms total)
T1C08 112262:669 JLINK_EMU_GetList(InterfaceMask = 0x00000001, MaxInfos = 0x00000032) [0]: USB, S/N: 268005015  returns 0x01 (0000ms, 35729ms total)
T1C08 112263:673 JLINK_EMU_GetList(InterfaceMask = 0x00000001, MaxInfos = 0x00000032) [0]: USB, S/N: 268005015  returns 0x01 (0000ms, 35729ms total)
T0E00 112264:101 JLINK_ExecCommand("Device = AT91SAM3S1A", ...). Device "ATSAM3S1A" selected.  returns 0x00 (0000ms, 35729ms total)
T0E00 112264:101 JLINK_TIF_Select(JLINKARM_TIF_JTAG)  returns 0x00 (0003ms, 35732ms total)
T0E00 112264:104 JLINK_GetIdData(...) >0x2F8 JTAG>TotalIRLen = 4, IRPrint = 0x01 >0x30 JTAG> >0x410 JTAG> >0x70 JTAG> >0x48 JTAG> >0x40 JTAG> >0x48 JTAG>AP-IDR: 0x24770011, Type: AHB-APStart searching for Cortex-M ROM table with ROMTable[0] @ 0xE00FF000.ROMTable[1]: Cortex-M ROM table found. >0x78 JTAG> >0x40 JTAG> >0x30 JTAG> >0x40 JTAG> >0x40 JTAG> >0x30 JTAG> >0x40 JTAG> >0x48 JTAG>Found Cortex-M3 r2p0, Little endian. -- CPU_ReadMem(4 bytes @ 0xE000EDF0) -- CPU_WriteMem(4 bytes @ 0xE000EDF0)
 -- CPU_ReadMem(4 bytes @ 0xE0002000)FPUnit: 6 code (BP) slots and 2 literal slots -- CPU_ReadMem(4 bytes @ 0xE000EDFC) -- CPU_WriteMem(4 bytes @ 0xE000EDFC) -- CPU_ReadMem(4 bytes @ 0xE0001000) -- CPU_WriteMem(4 bytes @ 0xE0001000) -- CPU_ReadMem(4 bytes @ 0xE000ED88) -- CPU_WriteMem(4 bytes @ 0xE000ED88) -- CPU_ReadMem(4 bytes @ 0xE000ED88) -- CPU_WriteMem(4 bytes @ 0xE000ED88)CoreSight components:ROMTbl 0 @ E00FF000 -- CPU_ReadMem(16 bytes @ 0xE00FF000) -- CPU_ReadMem(16 bytes @ 0xE000EFF0)
 -- CPU_ReadMem(16 bytes @ 0xE000EFE0)ROMTbl 0 [0]: FFF0F000, CID: B105E00D, PID: 002BB000 SCS -- CPU_ReadMem(16 bytes @ 0xE0001FF0) -- CPU_ReadMem(16 bytes @ 0xE0001FE0)ROMTbl 0 [1]: FFF02000, CID: B105E00D, PID: 002BB002 DWT -- CPU_ReadMem(16 bytes @ 0xE0002FF0) -- CPU_ReadMem(16 bytes @ 0xE0002FE0)ROMTbl 0 [2]: FFF03000, CID: B105E00D, PID: 002BB003 FPB -- CPU_ReadMem(16 bytes @ 0xE0000FF0) -- CPU_ReadMem(16 bytes @ 0xE0000FE0)ROMTbl 0 [3]: FFF01000, CID: B105E00D, PID: 002BB001 ITM
 -- CPU_ReadMem(16 bytes @ 0xE00FF010) -- CPU_ReadMem(16 bytes @ 0xE0040FF0) -- CPU_ReadMem(16 bytes @ 0xE0040FE0)ROMTbl 0 [4]: FFF41000, CID: B105900D, PID: 002BB923 TPIU-Lite ScanLen=4 NumDevices=1 aId[0]=0x4BA00477 aIrRead[0]=0 aScanLen[0]=0 aScanRead[0]=0 (0043ms, 35775ms total)
T0E00 112264:147 JLINK_ConfigJTAG(IRPre = 0, DRPre = 0) (0000ms, 35775ms total)
T0E00 112264:147 JLINK_SetSpeed(4000) (0001ms, 35776ms total)
T0E00 112264:148 JLINK_ResetPullsRESET(OFF) (0000ms, 35776ms total)
T0E00 112264:148 JLINK_Connect() >0x2F8 JTAG>TotalIRLen = 4, IRPrint = 0x01 >0x30 JTAG> >0x410 JTAG> >0x70 JTAG> >0x48 JTAG> >0x40 JTAG> >0x48 JTAG>AP-IDR: 0x24770011, Type: AHB-APStart searching for Cortex-M ROM table with ROMTable[0] @ 0xE00FF000.ROMTable[1]: Cortex-M ROM table found. >0x78 JTAG> >0x40 JTAG> >0x30 JTAG> >0x40 JTAG> >0x40 JTAG> >0x30 JTAG> >0x40 JTAG> >0x48 JTAG>Found Cortex-M3 r2p0, Little endian. -- CPU_ReadMem(4 bytes @ 0xE000EDF0) -- CPU_ReadMem(4 bytes @ 0xE0002000)
FPUnit: 6 code (BP) slots and 2 literal slots -- CPU_ReadMem(4 bytes @ 0xE000EDFC) -- CPU_ReadMem(4 bytes @ 0xE0001000) -- CPU_WriteMem(4 bytes @ 0xE0001000) -- CPU_ReadMem(4 bytes @ 0xE000ED88) -- CPU_WriteMem(4 bytes @ 0xE000ED88) -- CPU_ReadMem(4 bytes @ 0xE000ED88) -- CPU_WriteMem(4 bytes @ 0xE000ED88)CoreSight components:ROMTbl 0 @ E00FF000 -- CPU_ReadMem(16 bytes @ 0xE00FF000) -- CPU_ReadMem(16 bytes @ 0xE000EFF0) -- CPU_ReadMem(16 bytes @ 0xE000EFE0)
ROMTbl 0 [0]: FFF0F000, CID: B105E00D, PID: 002BB000 SCS -- CPU_ReadMem(16 bytes @ 0xE0001FF0) -- CPU_ReadMem(16 bytes @ 0xE0001FE0)ROMTbl 0 [1]: FFF02000, CID: B105E00D, PID: 002BB002 DWT -- CPU_ReadMem(16 bytes @ 0xE0002FF0) -- CPU_ReadMem(16 bytes @ 0xE0002FE0)ROMTbl 0 [2]: FFF03000, CID: B105E00D, PID: 002BB003 FPB -- CPU_ReadMem(16 bytes @ 0xE0000FF0) -- CPU_ReadMem(16 bytes @ 0xE0000FE0)ROMTbl 0 [3]: FFF01000, CID: B105E00D, PID: 002BB001 ITM -- CPU_ReadMem(16 bytes @ 0xE00FF010)
 -- CPU_ReadMem(16 bytes @ 0xE0040FF0) -- CPU_ReadMem(16 bytes @ 0xE0040FE0)ROMTbl 0 [4]: FFF41000, CID: B105900D, PID: 002BB923 TPIU-Lite  returns 0x00 (0025ms, 35801ms total)
T0E00 112264:174 JLINK_Halt()  returns 0x00 (0003ms, 35804ms total)
T0E00 112264:177 JLINK_WriteMem(0x400E0A04, 0x0004 Bytes, ...) - Data: 0B 01 00 5A -- CPU_WriteMem(4 bytes @ 0x400E0A04)  returns 0x04 (0001ms, 35805ms total)
T0E00 112264:178 JLINK_ReadMem (0x400E0A08, 0x0004 Bytes, ...) -- CPU_ReadMem(4 bytes @ 0x400E0A08) - Data: 01 00 00 00  returns 0x00 (0001ms, 35806ms total)
T0E00 112264:179 JLINK_Reset() -- CPU_ReadMem(16 bytes @ 0x20000000) -- CPU_WriteMem(16 bytes @ 0x20000000) -- CPU_ReadMem(4 bytes @ 0xE000EDFC) -- CPU_WriteMem(4 bytes @ 0xE000EDFC) -- CPU_ReadMem(4 bytes @ 0xE0001000) -- CPU_WriteMem(4 bytes @ 0xE000ED0C) -- CPU_ReadMem(4 bytes @ 0xE000EDF0) -- CPU_ReadMem(4 bytes @ 0xE000EDF0) -- CPU_WriteMem(4 bytes @ 0xE000EDFC) -- CPU_WriteMem(16 bytes @ 0x20000000) -- CPU_WriteMem(4 bytes @ 0xE0002000) -- CPU_ReadMem(4 bytes @ 0xE000EDFC)
 -- CPU_ReadMem(4 bytes @ 0xE0001000) (0029ms, 35835ms total)
T0E00 112264:209 JLINK_JTAG_GetDeviceID(DeviceIndex = 0)  returns 0x4BA00477 (0000ms, 35835ms total)
T0E00 112264:209 JLINK_ReadMemU32(0x400E0740, 0x0001 Items, ...) -- CPU_ReadMem(4 bytes @ 0x400E0740) - Data: 61 05 89 28  returns 0x01 (0001ms, 35836ms total)
T0E00 112264:210 JLINK_ReadMemU32(0x400E0744, 0x0001 Items, ...) -- CPU_ReadMem(4 bytes @ 0x400E0744) - Data: 00 00 00 00  returns 0x01 (0001ms, 35837ms total)
T0E00 112264:211 JLINK_WriteMem(0x400E0A04, 0x0004 Bytes, ...) - Data: 05 00 00 5A -- CPU_WriteMem(4 bytes @ 0x400E0A04)  returns 0x04 (0001ms, 35838ms total)
T0E00 112264:212 JLINK_ReadMem (0x400E0A08, 0x0004 Bytes, ...) -- CPU_ReadMem(4 bytes @ 0x400E0A08) - Data: 00 00 00 00  returns 0x00 (0000ms, 35838ms total)
T0E00 112264:213 JLINK_ReadMem (0x400E0A08, 0x0004 Bytes, ...) -- CPU_ReadMem(4 bytes @ 0x400E0A08) - Data: 00 00 00 00  returns 0x00 (0001ms, 35839ms total)
T0E00 112264:218 JLINK_ReadMem (0x400E0A08, 0x0004 Bytes, ...) -- CPU_ReadMem(4 bytes @ 0x400E0A08) - Data: 00 00 00 00  returns 0x00 (0001ms, 35840ms total)
T423C 112264:221 JLINK_IsHalted()  returns TRUE (0000ms, 35840ms total)
T423C 112264:221 JLINK_GetMOEs(...) -- CPU_ReadMem(4 bytes @ 0xE000ED30)  returns 0x01 (0001ms, 35841ms total)
T423C 112264:222 JLINK_ReadReg(R15 (PC))  returns 0x00400E20 (0000ms, 35841ms total)
T0E00 112264:236 JLINK_ReadMem (0x400E0A08, 0x0004 Bytes, ...) -- CPU_ReadMem(4 bytes @ 0x400E0A08) - Data: 01 00 00 00  returns 0x00 (0001ms, 35842ms total)
T423C 112264:423 JLINK_IsHalted()  returns TRUE (0000ms, 35842ms total)
T0E00 112264:423 JLINK_ResetPullsRESET(ON) (0000ms, 35842ms total)
T0E00 112264:423 JLINK_ResetNoHalt() >0x2F8 JTAG>TotalIRLen = 4, IRPrint = 0x01 >0x30 JTAG> >0x410 JTAG> >0x70 JTAG> >0x48 JTAG> >0x40 JTAG> >0x48 JTAG>AP-IDR: 0x24770011, Type: AHB-APStart searching for Cortex-M ROM table with ROMTable[0] @ 0xE00FF000.ROMTable[1]: Cortex-M ROM table found. >0x78 JTAG> >0x40 JTAG> >0x30 JTAG> >0x40 JTAG> >0x40 JTAG> >0x30 JTAG> >0x40 JTAG> >0x48 JTAG>Found Cortex-M3 r2p0, Little endian. -- CPU_ReadMem(4 bytes @ 0xE000EDF0) -- CPU_ReadMem(4 bytes @ 0xE0002000)
FPUnit: 6 code (BP) slots and 2 literal slots -- CPU_ReadMem(4 bytes @ 0xE000EDFC) -- CPU_ReadMem(4 bytes @ 0xE0001000) -- CPU_ReadMem(4 bytes @ 0xE000ED88) -- CPU_WriteMem(4 bytes @ 0xE000ED88) -- CPU_ReadMem(4 bytes @ 0xE000ED88) -- CPU_WriteMem(4 bytes @ 0xE000ED88)CoreSight components:ROMTbl 0 @ E00FF000 -- CPU_ReadMem(16 bytes @ 0xE00FF000) -- CPU_ReadMem(16 bytes @ 0xE000EFF0) -- CPU_ReadMem(16 bytes @ 0xE000EFE0)ROMTbl 0 [0]: FFF0F000, CID: B105E00D, PID: 002BB000 SCS
 -- CPU_WriteMem(4 bytes @ 0xE0001000) -- CPU_ReadMem(16 bytes @ 0xE0001FF0) -- CPU_ReadMem(16 bytes @ 0xE0001FE0)ROMTbl 0 [1]: FFF02000, CID: B105E00D, PID: 002BB002 DWT -- CPU_ReadMem(16 bytes @ 0xE0002FF0) -- CPU_ReadMem(16 bytes @ 0xE0002FE0)ROMTbl 0 [2]: FFF03000, CID: B105E00D, PID: 002BB003 FPB -- CPU_ReadMem(16 bytes @ 0xE0000FF0) -- CPU_ReadMem(16 bytes @ 0xE0000FE0)ROMTbl 0 [3]: FFF01000, CID: B105E00D, PID: 002BB001 ITM -- CPU_ReadMem(16 bytes @ 0xE00FF010)
 -- CPU_ReadMem(16 bytes @ 0xE0040FF0) -- CPU_ReadMem(16 bytes @ 0xE0040FE0)ROMTbl 0 [4]: FFF41000, CID: B105900D, PID: 002BB923 TPIU-Lite
                JLINK_Reset() -- CPU_ReadMem(16 bytes @ 0x20000000) -- CPU_WriteMem(16 bytes @ 0x20000000) -- CPU_ReadMem(4 bytes @ 0xE000EDFC) -- CPU_WriteMem(4 bytes @ 0xE000EDFC) -- CPU_ReadMem(4 bytes @ 0xE0001000) -- CPU_WriteMem(4 bytes @ 0xE0001004) -- CPU_WriteMem(4 bytes @ 0xE000ED0C) -- CPU_ReadMem(4 bytes @ 0xE000EDF0) -- CPU_ReadMem(4 bytes @ 0xE000EDF0) -- CPU_WriteMem(4 bytes @ 0xE000EDFC) -- CPU_WriteMem(16 bytes @ 0x20000000) -- CPU_WriteMem(4 bytes @ 0xE0002000)
 -- CPU_ReadMem(4 bytes @ 0xE000EDFC) -- CPU_ReadMem(4 bytes @ 0xE0001000) (0029ms, 0029ms total)
                JLINK_Go() -- CPU_ReadMem(4 bytes @ 0xE0001000) -- CPU_WriteMem(4 bytes @ 0xE0001004) (0002ms, 0031ms total)
               (0058ms, 35900ms total)
T0E00 112264:568 JLINK_ExecCommand("ProjectFile = D:\GoogleDrive\my_documents\projects\170101_Trinidad\Fw\FW\Germbox_mk_I\Germbox_MK_I\jlink.config", ...).   returns 0x00 (0000ms, 35900ms total)
T1C08 112264:678 JLINK_EMU_GetList(InterfaceMask = 0x00000001, MaxInfos = 0x00000032) [0]: USB, S/N: 268005015  returns 0x01 (0000ms, 35900ms total)
T1C08 112265:683 JLINK_EMU_GetList(InterfaceMask = 0x00000001, MaxInfos = 0x00000032) [0]: USB, S/N: 268005015  returns 0x01 (0000ms, 35900ms total)
T0E00 112266:124 JLINK_ExecCommand("Device = AT91SAM3S1A", ...). Device "ATSAM3S1A" selected.  returns 0x00 (0000ms, 35900ms total)
T0E00 112266:124 JLINK_TIF_Select(JLINKARM_TIF_JTAG)  returns 0x00 (0000ms, 35900ms total)
T0E00 112266:124 JLINK_GetIdData(...) ScanLen=4 NumDevices=1 aId[0]=0x4BA00477 aIrRead[0]=0 aScanLen[0]=0 aScanRead[0]=0 (0000ms, 35900ms total)
T0E00 112266:124 JLINK_ConfigJTAG(IRPre = 0, DRPre = 0) (0000ms, 35900ms total)
T0E00 112266:124 JLINK_SetSpeed(4000) (0000ms, 35900ms total)
T0E00 112266:124 JLINK_ResetPullsRESET(OFF) (0000ms, 35900ms total)
T0E00 112266:124 JLINK_Connect() >0x2F8 JTAG>TotalIRLen = 4, IRPrint = 0x01 >0x30 JTAG> >0x410 JTAG> >0x70 JTAG> >0x48 JTAG> >0x40 JTAG> >0x48 JTAG>AP-IDR: 0x24770011, Type: AHB-APStart searching for Cortex-M ROM table with ROMTable[0] @ 0xE00FF000.ROMTable[1]: Cortex-M ROM table found. >0x78 JTAG> >0x40 JTAG> >0x30 JTAG> >0x40 JTAG> >0x40 JTAG> >0x30 JTAG> >0x40 JTAG> >0x48 JTAG>Found Cortex-M3 r2p0, Little endian. -- CPU_ReadMem(4 bytes @ 0xE000EDF0) -- CPU_ReadMem(4 bytes @ 0xE0002000)
FPUnit: 6 code (BP) slots and 2 literal slots -- CPU_ReadMem(4 bytes @ 0xE000EDFC) -- CPU_ReadMem(4 bytes @ 0xE0001000) -- CPU_WriteMem(4 bytes @ 0xE0001000) -- CPU_ReadMem(4 bytes @ 0xE000ED88) -- CPU_WriteMem(4 bytes @ 0xE000ED88) -- CPU_ReadMem(4 bytes @ 0xE000ED88) -- CPU_WriteMem(4 bytes @ 0xE000ED88)CoreSight components:ROMTbl 0 @ E00FF000 -- CPU_ReadMem(16 bytes @ 0xE00FF000) -- CPU_ReadMem(16 bytes @ 0xE000EFF0) -- CPU_ReadMem(16 bytes @ 0xE000EFE0)
ROMTbl 0 [0]: FFF0F000, CID: B105E00D, PID: 002BB000 SCS -- CPU_ReadMem(16 bytes @ 0xE0001FF0) -- CPU_ReadMem(16 bytes @ 0xE0001FE0)ROMTbl 0 [1]: FFF02000, CID: B105E00D, PID: 002BB002 DWT -- CPU_ReadMem(16 bytes @ 0xE0002FF0) -- CPU_ReadMem(16 bytes @ 0xE0002FE0)ROMTbl 0 [2]: FFF03000, CID: B105E00D, PID: 002BB003 FPB -- CPU_ReadMem(16 bytes @ 0xE0000FF0) -- CPU_ReadMem(16 bytes @ 0xE0000FE0)ROMTbl 0 [3]: FFF01000, CID: B105E00D, PID: 002BB001 ITM -- CPU_ReadMem(16 bytes @ 0xE00FF010)
 -- CPU_ReadMem(16 bytes @ 0xE0040FF0) -- CPU_ReadMem(16 bytes @ 0xE0040FE0)ROMTbl 0 [4]: FFF41000, CID: B105900D, PID: 002BB923 TPIU-Lite  returns 0x00 (0026ms, 35926ms total)
T0E00 112266:150 JLINK_Halt()  returns 0x00 (0004ms, 35930ms total)
T0E00 112266:154 JLINK_WriteMem(0x400E0A04, 0x0004 Bytes, ...) - Data: 0B 01 00 5A -- CPU_WriteMem(4 bytes @ 0x400E0A04)  returns 0x04 (0001ms, 35931ms total)
T0E00 112266:155 JLINK_ReadMem (0x400E0A08, 0x0004 Bytes, ...) -- CPU_ReadMem(4 bytes @ 0x400E0A08) - Data: 01 00 00 00  returns 0x00 (0001ms, 35932ms total)
T0E00 112266:156 JLINK_Reset() -- CPU_ReadMem(16 bytes @ 0x20000000) -- CPU_WriteMem(16 bytes @ 0x20000000) -- CPU_ReadMem(4 bytes @ 0xE000EDFC) -- CPU_WriteMem(4 bytes @ 0xE000EDFC) -- CPU_ReadMem(4 bytes @ 0xE0001000) -- CPU_WriteMem(4 bytes @ 0xE000ED0C) -- CPU_ReadMem(4 bytes @ 0xE000EDF0) -- CPU_ReadMem(4 bytes @ 0xE000EDF0) -- CPU_WriteMem(4 bytes @ 0xE000EDFC) -- CPU_WriteMem(16 bytes @ 0x20000000) -- CPU_WriteMem(4 bytes @ 0xE0002000) -- CPU_ReadMem(4 bytes @ 0xE000EDFC)
 -- CPU_ReadMem(4 bytes @ 0xE0001000) (0029ms, 35961ms total)
T0E00 112266:187 JLINK_JTAG_GetDeviceID(DeviceIndex = 0)  returns 0x4BA00477 (0000ms, 35961ms total)
T0E00 112266:187 JLINK_ReadMemU32(0x400E0740, 0x0001 Items, ...) -- CPU_ReadMem(4 bytes @ 0x400E0740) - Data: 61 05 89 28  returns 0x01 (0001ms, 35962ms total)
T0E00 112266:188 JLINK_ReadMemU32(0x400E0744, 0x0001 Items, ...) -- CPU_ReadMem(4 bytes @ 0x400E0744) - Data: 00 00 00 00  returns 0x01 (0000ms, 35962ms total)
T131C 112266:196 JLINK_IsHalted()  returns TRUE (0000ms, 35962ms total)
T131C 112266:196 JLINK_GetMOEs(...) -- CPU_ReadMem(4 bytes @ 0xE000ED30)  returns 0x01 (0000ms, 35962ms total)
T131C 112266:196 JLINK_ReadReg(R15 (PC))  returns 0xFFFFFFFE (0000ms, 35962ms total)
T131C 112266:396 JLINK_IsHalted()  returns TRUE (0000ms, 35962ms total)
T0E00 112266:492 JLINK_BeginDownload(Flags = 0x00) (0000ms, 35962ms total)
T0E00 112266:492 JLINK_WriteMem(0x00400000, 0x1CD8 Bytes, ...) - Data: 18 28 00 20 21 0E 40 00 1D 0E 40 00 1D 0E 40 00 ...  returns 0x1CD8 (0001ms, 35963ms total)
T0E00 112266:493 JLINK_WriteMem(0x00401CD8, 0x06F0 Bytes, ...) - Data: 4F F4 40 72 1F 4B 1A 60 A3 F5 C0 63 1B 6A 13 F0 ...  returns 0x6F0 (0000ms, 35963ms total)
T0E00 112266:502 JLINK_EndDownload()Old firmware which does not support pausing periodic actions during flash download -- -------------------------------------- -- Start of determining dirty areas in flash cache -- End of determining dirty areas -- Start of preparing flash programming -- Calculating RAM usage -- RAM usage = 2692 Bytes -- Preserving CPU registers -- Preparing memory -- Determining CPU clock frequency -- Preparing target -- Downloading RAMCode -- Checking target RAM -- Preparing RAMCode
 -- End of preparing flash programming -- CPU speed could not be measured. -- Start of comparing flash -- CRC check was estimated as fastest method -- Comparing range 0x400000 - 0x4023FF (36 Sectors, 9 KB), using multi-block CRC calculation -- CRC does not match for sectors 0-35 -- End of comparing flash -- Start of erasing sectors -- End of erasing sectors -- Start of flash programming -- Programming range 0x00400000 - 0x004023FF (036 Sectors, 9 KB) -- End of flash programming
 -- 0x400000 - 0x4023FF (036 Sectors, 9 KB) -- Start of verifying flash -- Checksum calculation was estimated as fastest method -- Checksum is not supported by this flash bank. Switched to CRC method. -- End of verifying flash -- Start of restoring -- Restoring RAMCode -- Restore target -- Restore memory -- Restoring CPU registers -- End of restoring -- Flash programming performed for 1 range (9216 bytes)
 -- Total time needed: 0.195s (Prepare: 0.047s, Compare: 0.017s, Erase: 0.000s, Program: 0.118s, Verify: 0.007s, Restore: 0.004s)  returns 0x2400 (0199ms, 36162ms total)
T131C 112266:701 JLINK_IsHalted()  returns TRUE (0000ms, 36162ms total)
T1C08 112266:702 JLINK_EMU_GetList(InterfaceMask = 0x00000001, MaxInfos = 0x00000032) [0]: USB, S/N: 268005015  returns 0x01 (0000ms, 36162ms total)
T131C 112266:903 JLINK_IsHalted()  returns TRUE (0000ms, 36162ms total)
T131C 112267:103 JLINK_IsHalted()  returns TRUE (0000ms, 36162ms total)
T131C 112267:303 JLINK_IsHalted()  returns TRUE (0001ms, 36163ms total)
T131C 112267:504 JLINK_IsHalted()  returns TRUE (0000ms, 36162ms total)
T131C 112267:705 JLINK_IsHalted()  returns TRUE (0000ms, 36162ms total)
T1C08 112267:709 JLINK_EMU_GetList(InterfaceMask = 0x00000001, MaxInfos = 0x00000032) [0]: USB, S/N: 268005015  returns 0x01 (0000ms, 36162ms total)
T131C 112267:905 JLINK_IsHalted()  returns TRUE (0001ms, 36163ms total)
T2A8C 112267:934 JLINK_Halt()  returns 0x00 (0000ms, 36162ms total)
T2A8C 112267:934 JLINK_ReadReg(R15 (PC))  returns 0xFFFFFFFE (0000ms, 36162ms total)
T2A8C 112267:934 JLINK_ReadReg(R13 (SP))  returns 0xFFFFFFFC (0000ms, 36162ms total)
T2A8C 112267:969 JLINK_ReadReg(R0)  returns 0x400E1400 (0000ms, 36162ms total)
T2A8C 112267:969 JLINK_ReadReg(R1)  returns 0x00000000 (0000ms, 36162ms total)
T2A8C 112267:969 JLINK_ReadReg(R2)  returns 0xA5000004 (0000ms, 36162ms total)
T2A8C 112267:969 JLINK_ReadReg(R3)  returns 0x180000A0 (0000ms, 36162ms total)
T2A8C 112267:969 JLINK_ReadReg(R4)  returns 0x40038000 (0000ms, 36162ms total)
T2A8C 112267:969 JLINK_ReadReg(R5)  returns 0x0000000C (0000ms, 36162ms total)
T2A8C 112267:969 JLINK_ReadReg(R6)  returns 0x0000693C (0000ms, 36162ms total)
T2A8C 112267:969 JLINK_ReadReg(R7)  returns 0x004001A9 (0000ms, 36162ms total)
T2A8C 112267:969 JLINK_ReadReg(R8)  returns 0x00400189 (0000ms, 36162ms total)
T2A8C 112267:969 JLINK_ReadReg(R9)  returns 0xD8100450 (0000ms, 36162ms total)
T2A8C 112267:969 JLINK_ReadReg(R10)  returns 0x85851010 (0000ms, 36162ms total)
T2A8C 112267:969 JLINK_ReadReg(R11)  returns 0x04800030 (0000ms, 36162ms total)
T2A8C 112267:969 JLINK_ReadReg(R12)  returns 0x00000000 (0000ms, 36162ms total)
T2A8C 112267:969 JLINK_ReadReg(R13 (SP))  returns 0xFFFFFFFC (0000ms, 36162ms total)
T2A8C 112267:969 JLINK_ReadReg(R14)  returns 0xFFFFFFFF (0000ms, 36162ms total)
T2A8C 112267:969 JLINK_ReadReg(R15 (PC))  returns 0xFFFFFFFE (0000ms, 36162ms total)
T2A8C 112267:969 JLINK_ReadReg(XPSR)  returns 0x01000000 (0000ms, 36162ms total)
T2A8C 112267:969 JLINK_ReadReg(MSP)  returns 0xFFFFFFFC (0000ms, 36162ms total)
T2A8C 112267:969 JLINK_ReadReg(PSP)  returns 0x10080420 (0000ms, 36162ms total)
T2A8C 112267:969 JLINK_ReadReg(PRIMASK)  returns 0x00000000 (0000ms, 36162ms total)
T2A8C 112267:969 JLINK_ReadReg(BASEPRI)  returns 0x00000000 (0000ms, 36162ms total)
T2A8C 112267:969 JLINK_ReadReg(FAULTMASK)  returns 0x00000000 (0000ms, 36162ms total)
T2A8C 112267:969 JLINK_ReadReg(CONTROL)  returns 0x00000000 (0000ms, 36162ms total)
T2A8C 112267:991 JLINK_ReadMemHW(0x00401020, 0x0002 Bytes, ...) -- CPU_ReadMem(2 bytes @ 0x00401020) - Data: 03 AC  returns 0x00 (0001ms, 36163ms total)
T2A8C 112267:996 JLINK_ReadMemHW(0x00401094, 0x0002 Bytes, ...) -- CPU_ReadMem(2 bytes @ 0x00401094) - Data: 00 BF  returns 0x00 (0001ms, 36164ms total)
T0E00 112268:035 JLINK_GetNumBPUnits(Type = 0xFFFFFF02)  returns 0x06 (0000ms, 36164ms total)
T0E00 112268:035 JLINK_SetBPEx(Addr = 0x00401094, Type = 0xFFFFFFF2)  returns 0x00000001 (0000ms, 36164ms total)
T0E00 112268:035 JLINK_GetBPInfo(BPHandle = 1)  returns 0x00 (0000ms, 36164ms total)
T2A8C 112268:103 JLINK_Reset() -- CPU_ReadMem(16 bytes @ 0x20000000) -- CPU_WriteMem(16 bytes @ 0x20000000) -- CPU_ReadMem(4 bytes @ 0xE000EDFC) -- CPU_WriteMem(4 bytes @ 0xE000EDFC) -- CPU_ReadMem(4 bytes @ 0xE0001000) -- CPU_WriteMem(4 bytes @ 0xE000ED0C) -- CPU_ReadMem(4 bytes @ 0xE000EDF0) -- CPU_ReadMem(4 bytes @ 0xE000EDF0) -- CPU_WriteMem(4 bytes @ 0xE000EDFC) -- CPU_WriteMem(16 bytes @ 0x20000000) -- CPU_WriteMem(4 bytes @ 0xE0002000) -- CPU_ReadMem(4 bytes @ 0xE000EDFC)
 -- CPU_ReadMem(4 bytes @ 0xE0001000) (0029ms, 36193ms total)
T131C 112268:132 JLINK_IsHalted()  returns TRUE (0000ms, 36193ms total)
T131C 112268:133 JLINK_GetMOEs(...) -- CPU_ReadMem(4 bytes @ 0xE000ED30)  returns 0x01 (0000ms, 36193ms total)
T131C 112268:133 JLINK_ReadReg(R15 (PC))  returns 0x00400E20 (0000ms, 36193ms total)
T2A8C 112268:142 JLINK_ReadReg(R15 (PC))  returns 0x00400E20 (0000ms, 36193ms total)
T2A8C 112268:142 JLINK_ReadReg(R13 (SP))  returns 0x20002818 (0000ms, 36193ms total)
T2A8C 112268:159 JLINK_ReadMemHW(0x00400E20, 0x0004 Bytes, ...) -- CPU_ReadMem(4 bytes @ 0x00400E20) - Data: 08 B5 1E 4B  returns 0x00 (0001ms, 36194ms total)
T2A8C 112268:198 JLINK_ReadMemHW(0x0040101C, 0x0001 Bytes, ...) -- CPU_ReadMem(1 bytes @ 0x0040101C) - Data: 70  returns 0x00 (0001ms, 36195ms total)
T2A8C 112268:250 JLINK_ReadReg(R15 (PC))  returns 0x00400E20 (0000ms, 36195ms total)
T2A8C 112268:250 JLINK_SetBPEx(Addr = 0x0040101C, Type = 0xFFFFFFF2)  returns 0x00000002 (0000ms, 36195ms total)
T2A8C 112268:250 JLINK_GetBPInfo(BPHandle = 2)  returns 0x00 (0000ms, 36195ms total)
T2A8C 112268:250 JLINK_Go() -- CPU_ReadMem(4 bytes @ 0xE0001000) -- CPU_WriteMem(4 bytes @ 0xE000ED30) -- CPU_WriteMem(4 bytes @ 0xE0002008) -- CPU_WriteMem(4 bytes @ 0xE000200C) -- CPU_WriteMem(4 bytes @ 0xE0002010) -- CPU_WriteMem(4 bytes @ 0xE0002014) -- CPU_WriteMem(4 bytes @ 0xE0002018) -- CPU_WriteMem(4 bytes @ 0xE000201C) -- CPU_WriteMem(4 bytes @ 0xE0001004) (0005ms, 36200ms total)
T131C 112268:255 JLINK_IsHalted()  returns FALSE (0001ms, 36201ms total)
T131C 112268:276 JLINK_IsHalted()  returns TRUE (0003ms, 36203ms total)
T131C 112268:279 JLINK_GetMOEs(...) -- CPU_ReadMem(4 bytes @ 0xE000ED30)  returns 0x01 (0001ms, 36201ms total)
T131C 112268:280 JLINK_ReadReg(R15 (PC))  returns 0x0040101C (0000ms, 36201ms total)
T131C 112268:280 JLINK_WriteU32(0xE000EDFC, 0x01000000) -- CPU_WriteMem(4 bytes @ 0xE000EDFC)  returns 0x00 (0001ms, 36202ms total)
T131C 112268:281 JLINK_ReadMem (0xE0001000, 0x0004 Bytes, ...) -- CPU_ReadMem(4 bytes @ 0xE0001000) - Data: 01 00 00 40  returns 0x00 (0000ms, 36202ms total)
T131C 112268:281 JLINK_WriteU32(0xE0001000, 0x40000001)  returns 0x00 (0000ms, 36202ms total)
T131C 112268:281 JLINK_WriteU32(0xE0001028, 0x00000100)  returns 0x00 (0001ms, 36203ms total)
T131C 112268:282 JLINK_ReadMem (0xE0001028, 0x0004 Bytes, ...) -- CPU_WriteMem(4 bytes @ 0xE0001028) -- CPU_ReadMem(4 bytes @ 0xE0001028) - Data: 00 00 00 00  returns 0x00 (0001ms, 36204ms total)
T131C 112268:283 JLINK_WriteU32(0xE0001024, 0x0000001F)  returns 0x00 (0000ms, 36204ms total)
T131C 112268:283 JLINK_ReadMem (0xE0001024, 0x0004 Bytes, ...) -- CPU_WriteMem(4 bytes @ 0xE0001024) -- CPU_ReadMem(4 bytes @ 0xE0001024) - Data: 0F 00 00 00  returns 0x00 (0002ms, 36206ms total)
T131C 112268:285 JLINK_WriteU32(0xE0001038, 0x00000100)  returns 0x00 (0000ms, 36206ms total)
T131C 112268:285 JLINK_ReadMem (0xE0001038, 0x0004 Bytes, ...) -- CPU_WriteMem(4 bytes @ 0xE0001038) -- CPU_ReadMem(4 bytes @ 0xE0001038) - Data: 00 03 00 00  returns 0x00 (0001ms, 36207ms total)
T131C 112268:286 JLINK_WriteU32(0xE0001034, 0x0000001F)  returns 0x00 (0000ms, 36207ms total)
T131C 112268:286 JLINK_ReadMem (0xE0001034, 0x0004 Bytes, ...) -- CPU_WriteMem(4 bytes @ 0xE0001034) -- CPU_ReadMem(4 bytes @ 0xE0001034) - Data: 0F 00 00 00  returns 0x00 (0001ms, 36208ms total)
T131C 112268:287 JLINK_WriteU32(0xE0001048, 0x00000100)  returns 0x00 (0000ms, 36208ms total)
T131C 112268:287 JLINK_ReadMem (0xE0001048, 0x0004 Bytes, ...) -- CPU_WriteMem(4 bytes @ 0xE0001048) -- CPU_ReadMem(4 bytes @ 0xE0001048) - Data: 00 00 00 00  returns 0x00 (0002ms, 36210ms total)
T131C 112268:289 JLINK_WriteU32(0xE0001044, 0x0000001F)  returns 0x00 (0000ms, 36210ms total)
T131C 112268:289 JLINK_ReadMem (0xE0001044, 0x0004 Bytes, ...) -- CPU_WriteMem(4 bytes @ 0xE0001044) -- CPU_ReadMem(4 bytes @ 0xE0001044) - Data: 0F 00 00 00  returns 0x00 (0001ms, 36211ms total)
T131C 112268:290 JLINK_WriteU32(0xE0001058, 0x00000100)  returns 0x00 (0000ms, 36211ms total)
T131C 112268:290 JLINK_ReadMem (0xE0001058, 0x0004 Bytes, ...) -- CPU_WriteMem(4 bytes @ 0xE0001058) -- CPU_ReadMem(4 bytes @ 0xE0001058) - Data: 00 00 00 00  returns 0x00 (0001ms, 36212ms total)
T131C 112268:292 JLINK_WriteU32(0xE0001054, 0x0000001F)  returns 0x00 (0000ms, 36212ms total)
T131C 112268:292 JLINK_ReadMem (0xE0001054, 0x0004 Bytes, ...) -- CPU_WriteMem(4 bytes @ 0xE0001054) -- CPU_ReadMem(4 bytes @ 0xE0001054) - Data: 0F 00 00 00  returns 0x00 (0001ms, 36213ms total)
T131C 112268:293 JLINK_WriteU32(0xE0001020, 0x00000000)  returns 0x00 (0000ms, 36213ms total)
T131C 112268:293 JLINK_WriteU32(0xE0001024, 0x00000000)  returns 0x00 (0000ms, 36213ms total)
T131C 112268:293 JLINK_WriteU32(0xE0001028, 0x00000000)  returns 0x00 (0000ms, 36213ms total)
T131C 112268:293 JLINK_WriteU32(0xE0001030, 0x00000000)  returns 0x00 (0000ms, 36213ms total)
T131C 112268:293 JLINK_WriteU32(0xE0001034, 0x00000000)  returns 0x00 (0000ms, 36213ms total)
T131C 112268:293 JLINK_WriteU32(0xE0001038, 0x00000000)  returns 0x00 (0000ms, 36213ms total)
T131C 112268:293 JLINK_WriteU32(0xE0001040, 0x00000000)  returns 0x00 (0000ms, 36213ms total)
T131C 112268:293 JLINK_WriteU32(0xE0001044, 0x00000000)  returns 0x00 (0000ms, 36213ms total)
T131C 112268:293 JLINK_WriteU32(0xE0001048, 0x00000000)  returns 0x00 (0000ms, 36213ms total)
T131C 112268:293 JLINK_WriteU32(0xE0001050, 0x00000000)  returns 0x00 (0000ms, 36213ms total)
T131C 112268:293 JLINK_WriteU32(0xE0001054, 0x00000000)  returns 0x00 (0000ms, 36213ms total)
T131C 112268:293 JLINK_WriteU32(0xE0001058, 0x00000000)  returns 0x00 (0000ms, 36213ms total)
T131C 112268:293 JLINK_GetBPInfo(BPHandle = 2)  returns 0x00 (0000ms, 36213ms total)
T131C 112268:293 JLINK_ClrBPEx(BPHandle = 0x00000002)  returns 0x00 (0000ms, 36213ms total)
T2A8C 112268:296 JLINK_ReadReg(R15 (PC))  returns 0x0040101C (0000ms, 36213ms total)
T2A8C 112268:296 JLINK_ReadReg(R13 (SP))  returns 0x20002810 (0000ms, 36213ms total)
T2A8C 112268:296 JLINK_ReadMemHW(0x0040101C, 0x0004 Bytes, ...) -- CPU_ReadMem(4 bytes @ 0x0040101C) - Data: 70 B5 88 B0  returns 0x00 (0001ms, 36214ms total)
T2A8C 112268:308 JLINK_ReadReg(R15 (PC))  returns 0x0040101C (0000ms, 36214ms total)
T2A8C 112268:308 JLINK_Go() -- CPU_WriteMem(4 bytes @ 0xE0001000) -- CPU_ReadMem(4 bytes @ 0xE0001000) -- CPU_WriteMem(4 bytes @ 0xE000ED30) -- CPU_WriteMem(4 bytes @ 0xE0001020) -- CPU_WriteMem(4 bytes @ 0xE0001030) -- CPU_WriteMem(4 bytes @ 0xE0001040) -- CPU_WriteMem(4 bytes @ 0xE0001050) -- CPU_WriteMem(4 bytes @ 0xE0001024) -- CPU_WriteMem(4 bytes @ 0xE0001034) -- CPU_WriteMem(4 bytes @ 0xE0001044) -- CPU_WriteMem(4 bytes @ 0xE0001054) -- CPU_WriteMem(4 bytes @ 0xE0001028)
 -- CPU_WriteMem(4 bytes @ 0xE0001038) -- CPU_WriteMem(4 bytes @ 0xE0001048) -- CPU_WriteMem(4 bytes @ 0xE0001058) -- CPU_WriteMem(4 bytes @ 0xE000200C) (0007ms, 36221ms total)
T131C 112268:315 JLINK_IsHalted()  returns FALSE (0001ms, 36222ms total)
T131C 112268:356 JLINK_IsHalted()  returns FALSE (0000ms, 36222ms total)
T131C 112268:517 JLINK_IsHalted()  returns FALSE (0000ms, 36222ms total)
T1C08 112268:713 JLINK_EMU_GetList(InterfaceMask = 0x00000001, MaxInfos = 0x00000032) [0]: USB, S/N: 268005015  returns 0x01 (0000ms, 36222ms total)
T131C 112268:717 JLINK_IsHalted()  returns TRUE (0004ms, 36226ms total)
T131C 112268:721 JLINK_GetMOEs(...) -- CPU_ReadMem(4 bytes @ 0xE000ED30)  returns 0x01 (0000ms, 36222ms total)
T131C 112268:721 JLINK_ReadReg(R15 (PC))  returns 0x00401094 (0000ms, 36222ms total)
T2A8C 112268:723 JLINK_ReadReg(R15 (PC))  returns 0x00401094 (0000ms, 36222ms total)
T2A8C 112268:723 JLINK_ReadReg(R13 (SP))  returns 0x200027E0 (0000ms, 36222ms total)
T2A8C 112268:723 JLINK_ReadMemHW(0x00401094, 0x0004 Bytes, ...) -- CPU_ReadMem(4 bytes @ 0x00401094) - Data: 00 BF F8 E7  returns 0x00 (0001ms, 36223ms total)
T0E00 112268:789 JLINK_ReadMem (0x40000000, 0x01C2 Bytes, ...) -- CPU_ReadMem(450 bytes @ 0x40000000) - Data: 00 00 00 00 00 00 00 00 00 00 00 00 00 00 00 00 ...  returns 0x00 (0003ms, 36226ms total)
T0E00 112268:795 JLINK_ReadMem (0x40000000, 0x01C2 Bytes, ...) -- CPU_ReadMem(450 bytes @ 0x40000000) - Data: 00 00 00 00 00 00 00 00 00 00 00 00 00 00 00 00 ...  returns 0x00 (0002ms, 36228ms total)
T0E00 112268:867 JLINK_ReadMem (0x400001C2, 0x005A Bytes, ...) -- CPU_ReadMem(90 bytes @ 0x400001C2) - Data: 00 00 00 00 00 00 00 00 00 00 00 00 00 00 00 00 ...  returns 0x00 (0002ms, 36230ms total)
T0E00 112268:878 JLINK_ReadMem (0x4000021C, 0x007E Bytes, ...) -- CPU_ReadMem(126 bytes @ 0x4000021C) - Data: 00 00 00 00 00 00 00 00 00 00 00 00 00 00 00 00 ...  returns 0x00 (0002ms, 36232ms total)
T131C 112268:922 JLINK_IsHalted()  returns TRUE (0000ms, 36232ms total)
T131C 112269:122 JLINK_IsHalted()  returns TRUE (0000ms, 36232ms total)
T2A8C 112269:208 JLINK_ReadMem (0x200027E8, 0x0004 Bytes, ...) -- CPU_ReadMem(64 bytes @ 0x200027C0) -- Updating C cache (64 bytes @ 0x200027C0) -- Read from C cache (4 bytes @ 0x200027E8) - Data: 00 00 10 41  returns 0x00 (0002ms, 36234ms total)
T131C 112269:323 JLINK_IsHalted()  returns TRUE (0000ms, 36234ms total)
T131C 112269:524 JLINK_IsHalted()  returns TRUE (0000ms, 36234ms total)
T1C08 112269:718 JLINK_EMU_GetList(InterfaceMask = 0x00000001, MaxInfos = 0x00000032) [0]: USB, S/N: 268005015  returns 0x01 (0000ms, 36234ms total)
T131C 112269:724 JLINK_IsHalted()  returns TRUE (0000ms, 36234ms total)
T131C 112269:925 JLINK_IsHalted()  returns TRUE (0000ms, 36234ms total)
T131C 112270:126 JLINK_IsHalted()  returns TRUE (0000ms, 36234ms total)
T131C 112270:326 JLINK_IsHalted()  returns TRUE (0000ms, 36234ms total)
T131C 112270:527 JLINK_IsHalted()  returns TRUE (0001ms, 36235ms total)
T1C08 112270:724 JLINK_EMU_GetList(InterfaceMask = 0x00000001, MaxInfos = 0x00000032) [0]: USB, S/N: 268005015  returns 0x01 (0000ms, 36234ms total)
T131C 112270:728 JLINK_IsHalted()  returns TRUE (0000ms, 36234ms total)
T131C 112270:928 JLINK_IsHalted()  returns TRUE (0000ms, 36234ms total)
T131C 112271:129 JLINK_IsHalted()  returns TRUE (0001ms, 36235ms total)
T131C 112271:330 JLINK_IsHalted()  returns TRUE (0000ms, 36234ms total)
T131C 112271:531 JLINK_IsHalted()  returns TRUE (0000ms, 36234ms total)
T1C08 112271:729 JLINK_EMU_GetList(InterfaceMask = 0x00000001, MaxInfos = 0x00000032) [0]: USB, S/N: 268005015  returns 0x01 (0000ms, 36234ms total)
T131C 112271:732 JLINK_IsHalted()  returns TRUE (0000ms, 36234ms total)
T2A8C 112271:874 JLINK_ReadReg(R15 (PC))  returns 0x00401094 (0000ms, 36234ms total)
T2A8C 112271:875 JLINK_GetBPInfo(BPHandle = 1)  returns 0x00 (0000ms, 36234ms total)
T2A8C 112271:875 JLINK_ClrBPEx(BPHandle = 0x00000001)  returns 0x00 (0000ms, 36234ms total)
T2A8C 112271:875 JLINK_Step() -- Read from flash cache (2 bytes @ 0x00401094) -- CPU_ReadMem(4 bytes @ 0xE000ED18) -- CPU_WriteMem(4 bytes @ 0xE000ED18) -- CPU_ReadMem(4 bytes @ 0xE000ED18) -- CPU_WriteMem(4 bytes @ 0xE000ED18) -- CPU_ReadMem(4 bytes @ 0xE0001004) -- Simulated  returns 0x00 (0003ms, 36237ms total)
T2A8C 112271:878 JLINK_SetBPEx(Addr = 0x00401094, Type = 0xFFFFFFF2)  returns 0x00000003 (0000ms, 36237ms total)
T2A8C 112271:878 JLINK_GetBPInfo(BPHandle = 3)  returns 0x00 (0000ms, 36237ms total)
T2A8C 112271:878 JLINK_Go() -- CPU_ReadMem(4 bytes @ 0xE0001000) -- CPU_WriteMem(4 bytes @ 0xE000ED30) -- CPU_WriteMem(4 bytes @ 0xE0001004) (0004ms, 36241ms total)
T131C 112271:882 JLINK_IsHalted()  returns FALSE (0001ms, 36242ms total)
T131C 112271:893 JLINK_IsHalted()  returns TRUE (0004ms, 36245ms total)
T131C 112271:897 JLINK_GetMOEs(...) -- CPU_ReadMem(4 bytes @ 0xE000ED30)  returns 0x01 (0001ms, 36242ms total)
T131C 112271:898 JLINK_ReadReg(R15 (PC))  returns 0x00401094 (0000ms, 36242ms total)
T2A8C 112271:902 JLINK_ReadReg(R15 (PC))  returns 0x00401094 (0000ms, 36242ms total)
T2A8C 112271:902 JLINK_ReadReg(R13 (SP))  returns 0x200027E0 (0000ms, 36242ms total)
T2A8C 112271:903 JLINK_ReadMemHW(0x00401094, 0x0004 Bytes, ...) -- CPU_ReadMem(4 bytes @ 0x00401094) - Data: 00 BF F8 E7  returns 0x00 (0000ms, 36242ms total)
T0E00 112271:959 JLINK_ReadMem (0x40000000, 0x029A Bytes, ...) -- CPU_ReadMem(666 bytes @ 0x40000000) - Data: 00 00 00 00 00 00 00 00 00 00 00 00 00 00 00 00 ...  returns 0x00 (0004ms, 36246ms total)
T0E00 112271:966 JLINK_ReadMem (0x40000000, 0x029A Bytes, ...) -- CPU_ReadMem(666 bytes @ 0x40000000) - Data: 00 00 00 00 00 00 00 00 00 00 00 00 00 00 00 00 ...  returns 0x00 (0003ms, 36249ms total)
T131C 112272:100 JLINK_IsHalted()  returns TRUE (0000ms, 36249ms total)
T131C 112272:301 JLINK_IsHalted()  returns TRUE (0000ms, 36249ms total)
T2A8C 112272:385 JLINK_ReadMem (0x200027E8, 0x0004 Bytes, ...) -- CPU_ReadMem(64 bytes @ 0x200027C0) -- Updating C cache (64 bytes @ 0x200027C0) -- Read from C cache (4 bytes @ 0x200027E8) - Data: 00 00 10 41  returns 0x00 (0001ms, 36250ms total)
T131C 112272:501 JLINK_IsHalted()  returns TRUE (0000ms, 36250ms total)
T131C 112272:701 JLINK_IsHalted()  returns TRUE (0000ms, 36250ms total)
T1C08 112272:736 JLINK_EMU_GetList(InterfaceMask = 0x00000001, MaxInfos = 0x00000032) [0]: USB, S/N: 268005015  returns 0x01 (0000ms, 36250ms total)
T131C 112272:902 JLINK_IsHalted()  returns TRUE (0000ms, 36250ms total)
T131C 112273:102 JLINK_IsHalted()  returns TRUE (0001ms, 36251ms total)
T131C 112273:303 JLINK_IsHalted()  returns TRUE (0000ms, 36250ms total)
T2A8C 112273:417 JLINK_ReadReg(R15 (PC))  returns 0x00401094 (0000ms, 36250ms total)
T2A8C 112273:417 JLINK_GetBPInfo(BPHandle = 3)  returns 0x00 (0000ms, 36250ms total)
T2A8C 112273:417 JLINK_ClrBPEx(BPHandle = 0x00000003)  returns 0x00 (0000ms, 36250ms total)
T2A8C 112273:417 JLINK_Step() -- Read from flash cache (2 bytes @ 0x00401094) -- CPU_ReadMem(4 bytes @ 0xE0001004) -- Simulated  returns 0x00 (0001ms, 36251ms total)
T2A8C 112273:418 JLINK_SetBPEx(Addr = 0x00401094, Type = 0xFFFFFFF2)  returns 0x00000004 (0000ms, 36251ms total)
T2A8C 112273:418 JLINK_GetBPInfo(BPHandle = 4)  returns 0x00 (0000ms, 36251ms total)
T2A8C 112273:418 JLINK_Go() -- CPU_ReadMem(4 bytes @ 0xE0001000) -- CPU_WriteMem(4 bytes @ 0xE000ED30) -- CPU_WriteMem(4 bytes @ 0xE0001004) (0003ms, 36254ms total)
T131C 112273:421 JLINK_IsHalted()  returns FALSE (0001ms, 36255ms total)
T131C 112273:432 JLINK_IsHalted()  returns TRUE (0003ms, 36257ms total)
T131C 112273:435 JLINK_GetMOEs(...) -- CPU_ReadMem(4 bytes @ 0xE000ED30)  returns 0x01 (0001ms, 36258ms total)
T131C 112273:436 JLINK_ReadReg(R15 (PC))  returns 0x00401094 (0000ms, 36258ms total)
T2A8C 112273:442 JLINK_ReadReg(R15 (PC))  returns 0x00401094 (0000ms, 36258ms total)
T2A8C 112273:442 JLINK_ReadReg(R13 (SP))  returns 0x200027E0 (0000ms, 36258ms total)
T2A8C 112273:442 JLINK_ReadMemHW(0x00401094, 0x0004 Bytes, ...) -- CPU_ReadMem(4 bytes @ 0x00401094) - Data: 00 BF F8 E7  returns 0x00 (0001ms, 36259ms total)
T0E00 112273:507 JLINK_ReadMem (0x40000000, 0x029A Bytes, ...) -- CPU_ReadMem(666 bytes @ 0x40000000) - Data: 00 00 00 00 00 00 00 00 00 00 00 00 00 00 00 00 ...  returns 0x00 (0003ms, 36262ms total)
T0E00 112273:513 JLINK_ReadMem (0x40000000, 0x029A Bytes, ...) -- CPU_ReadMem(666 bytes @ 0x40000000) - Data: 00 00 00 00 00 00 00 00 00 00 00 00 00 00 00 00 ...  returns 0x00 (0003ms, 36265ms total)
T131C 112273:637 JLINK_IsHalted()  returns TRUE (0000ms, 36265ms total)
T1C08 112273:741 JLINK_EMU_GetList(InterfaceMask = 0x00000001, MaxInfos = 0x00000032) [0]: USB, S/N: 268005015  returns 0x01 (0000ms, 36265ms total)
T131C 112273:838 JLINK_IsHalted()  returns TRUE (0000ms, 36265ms total)
T2A8C 112273:921 JLINK_ReadMem (0x200027E8, 0x0004 Bytes, ...) -- CPU_ReadMem(64 bytes @ 0x200027C0) -- Updating C cache (64 bytes @ 0x200027C0) -- Read from C cache (4 bytes @ 0x200027E8) - Data: 00 00 10 41  returns 0x00 (0001ms, 36266ms total)
T131C 112274:039 JLINK_IsHalted()  returns TRUE (0000ms, 36266ms total)
T131C 112274:240 JLINK_IsHalted()  returns TRUE (0000ms, 36266ms total)
T131C 112274:440 JLINK_IsHalted()  returns TRUE (0000ms, 36266ms total)
T2A8C 112274:591 JLINK_ReadReg(R15 (PC))  returns 0x00401094 (0001ms, 36267ms total)
T2A8C 112274:592 JLINK_GetBPInfo(BPHandle = 4)  returns 0x00 (0000ms, 36267ms total)
T2A8C 112274:592 JLINK_ClrBPEx(BPHandle = 0x00000004)  returns 0x00 (0000ms, 36267ms total)
T2A8C 112274:592 JLINK_Step() -- Read from flash cache (2 bytes @ 0x00401094) -- CPU_ReadMem(4 bytes @ 0xE0001004) -- Simulated  returns 0x00 (0001ms, 36268ms total)
T2A8C 112274:593 JLINK_SetBPEx(Addr = 0x00401094, Type = 0xFFFFFFF2)  returns 0x00000005 (0000ms, 36268ms total)
T2A8C 112274:593 JLINK_GetBPInfo(BPHandle = 5)  returns 0x00 (0000ms, 36268ms total)
T2A8C 112274:593 JLINK_Go() -- CPU_ReadMem(4 bytes @ 0xE0001000) -- CPU_WriteMem(4 bytes @ 0xE000ED30) -- CPU_WriteMem(4 bytes @ 0xE0001004) (0003ms, 36271ms total)
T131C 112274:596 JLINK_IsHalted()  returns FALSE (0001ms, 36272ms total)
T131C 112274:607 JLINK_IsHalted()  returns TRUE (0003ms, 36274ms total)
T131C 112274:610 JLINK_GetMOEs(...) -- CPU_ReadMem(4 bytes @ 0xE000ED30)  returns 0x01 (0001ms, 36272ms total)
T131C 112274:611 JLINK_ReadReg(R15 (PC))  returns 0x00401094 (0000ms, 36272ms total)
T2A8C 112274:617 JLINK_ReadReg(R15 (PC))  returns 0x00401094 (0000ms, 36272ms total)
T2A8C 112274:617 JLINK_ReadReg(R13 (SP))  returns 0x200027E0 (0000ms, 36272ms total)
T2A8C 112274:617 JLINK_ReadMemHW(0x00401094, 0x0004 Bytes, ...) -- CPU_ReadMem(4 bytes @ 0x00401094) - Data: 00 BF F8 E7  returns 0x00 (0001ms, 36273ms total)
T0E00 112274:674 JLINK_ReadMem (0x40000000, 0x029A Bytes, ...) -- CPU_ReadMem(666 bytes @ 0x40000000) - Data: 00 00 00 00 00 00 00 00 00 00 00 00 00 00 00 00 ...  returns 0x00 (0003ms, 36276ms total)
T0E00 112274:680 JLINK_ReadMem (0x40000000, 0x029A Bytes, ...) -- CPU_ReadMem(666 bytes @ 0x40000000) - Data: 00 00 00 00 00 00 00 00 00 00 00 00 00 00 00 00 ...  returns 0x00 (0004ms, 36280ms total)
T1C08 112274:748 JLINK_EMU_GetList(InterfaceMask = 0x00000001, MaxInfos = 0x00000032) [0]: USB, S/N: 268005015  returns 0x01 (0000ms, 36280ms total)
T131C 112274:814 JLINK_IsHalted()  returns TRUE (0000ms, 36280ms total)
T131C 112275:015 JLINK_IsHalted()  returns TRUE (0000ms, 36280ms total)
T2A8C 112275:101 JLINK_ReadMem (0x200027E8, 0x0004 Bytes, ...) -- CPU_ReadMem(64 bytes @ 0x200027C0) -- Updating C cache (64 bytes @ 0x200027C0) -- Read from C cache (4 bytes @ 0x200027E8) - Data: 00 00 10 41  returns 0x00 (0001ms, 36281ms total)
T131C 112275:215 JLINK_IsHalted()  returns TRUE (0001ms, 36282ms total)
T2A8C 112275:358 JLINK_ReadReg(R15 (PC))  returns 0x00401094 (0000ms, 36281ms total)
T2A8C 112275:358 JLINK_GetBPInfo(BPHandle = 5)  returns 0x00 (0000ms, 36281ms total)
T2A8C 112275:358 JLINK_ClrBPEx(BPHandle = 0x00000005)  returns 0x00 (0000ms, 36281ms total)
T2A8C 112275:358 JLINK_Step() -- Read from flash cache (2 bytes @ 0x00401094) -- CPU_ReadMem(4 bytes @ 0xE0001004) -- Simulated  returns 0x00 (0001ms, 36282ms total)
T2A8C 112275:359 JLINK_SetBPEx(Addr = 0x00401094, Type = 0xFFFFFFF2)  returns 0x00000006 (0000ms, 36282ms total)
T2A8C 112275:359 JLINK_GetBPInfo(BPHandle = 6)  returns 0x00 (0000ms, 36282ms total)
T2A8C 112275:359 JLINK_Go() -- CPU_ReadMem(4 bytes @ 0xE0001000) -- CPU_WriteMem(4 bytes @ 0xE000ED30) -- CPU_WriteMem(4 bytes @ 0xE0001004) (0003ms, 36285ms total)
T131C 112275:363 JLINK_IsHalted()  returns TRUE (0008ms, 36293ms total)
T131C 112275:371 JLINK_GetMOEs(...) -- CPU_ReadMem(4 bytes @ 0xE000ED30)  returns 0x01 (0001ms, 36286ms total)
T131C 112275:372 JLINK_ReadReg(R15 (PC))  returns 0x00401094 (0000ms, 36286ms total)
T2A8C 112275:373 JLINK_ReadReg(R15 (PC))  returns 0x00401094 (0000ms, 36286ms total)
T2A8C 112275:373 JLINK_ReadReg(R13 (SP))  returns 0x200027E0 (0000ms, 36286ms total)
T2A8C 112275:373 JLINK_ReadMemHW(0x00401094, 0x0004 Bytes, ...) -- CPU_ReadMem(4 bytes @ 0x00401094) - Data: 00 BF F8 E7  returns 0x00 (0001ms, 36287ms total)
T0E00 112275:408 JLINK_ReadMem (0x40000000, 0x029A Bytes, ...) -- CPU_ReadMem(666 bytes @ 0x40000000) - Data: 00 00 00 00 00 00 00 00 00 00 00 00 00 00 00 00 ...  returns 0x00 (0004ms, 36291ms total)
T0E00 112275:415 JLINK_ReadMem (0x40000000, 0x029A Bytes, ...) -- CPU_ReadMem(666 bytes @ 0x40000000) - Data: 00 00 00 00 00 00 00 00 00 00 00 00 00 00 00 00 ...  returns 0x00 (0003ms, 36294ms total)
T131C 112275:573 JLINK_IsHalted()  returns TRUE (0000ms, 36294ms total)
T1C08 112275:753 JLINK_EMU_GetList(InterfaceMask = 0x00000001, MaxInfos = 0x00000032) [0]: USB, S/N: 268005015  returns 0x01 (0000ms, 36294ms total)
T131C 112275:774 JLINK_IsHalted()  returns TRUE (0000ms, 36294ms total)
T2A8C 112275:806 JLINK_ReadMem (0x200027E8, 0x0004 Bytes, ...) -- CPU_ReadMem(64 bytes @ 0x200027C0) -- Updating C cache (64 bytes @ 0x200027C0) -- Read from C cache (4 bytes @ 0x200027E8) - Data: 00 00 10 41  returns 0x00 (0001ms, 36295ms total)
T131C 112275:974 JLINK_IsHalted()  returns TRUE (0001ms, 36296ms total)
T131C 112276:176 JLINK_IsHalted()  returns TRUE (0000ms, 36295ms total)
T131C 112276:376 JLINK_IsHalted()  returns TRUE (0000ms, 36295ms total)
T131C 112276:577 JLINK_IsHalted()  returns TRUE (0000ms, 36295ms total)
T1C08 112276:757 JLINK_EMU_GetList(InterfaceMask = 0x00000001, MaxInfos = 0x00000032) [0]: USB, S/N: 268005015  returns 0x01 (0000ms, 36295ms total)
T131C 112276:777 JLINK_IsHalted()  returns TRUE (0000ms, 36295ms total)
T131C 112276:977 JLINK_IsHalted()  returns TRUE (0000ms, 36295ms total)
T131C 112277:178 JLINK_IsHalted()  returns TRUE (0000ms, 36295ms total)
T131C 112277:379 JLINK_IsHalted()  returns TRUE (0000ms, 36295ms total)
T131C 112277:579 JLINK_IsHalted()  returns TRUE (0000ms, 36295ms total)
T1C08 112277:762 JLINK_EMU_GetList(InterfaceMask = 0x00000001, MaxInfos = 0x00000032) [0]: USB, S/N: 268005015  returns 0x01 (0000ms, 36295ms total)
T131C 112277:780 JLINK_IsHalted()  returns TRUE (0000ms, 36295ms total)
T131C 112277:981 JLINK_IsHalted()  returns TRUE (0000ms, 36295ms total)
T131C 112278:182 JLINK_IsHalted()  returns TRUE (0000ms, 36295ms total)
T131C 112278:382 JLINK_IsHalted()  returns TRUE (0001ms, 36296ms total)
T131C 112278:583 JLINK_IsHalted()  returns TRUE (0000ms, 36295ms total)
T1C08 112278:767 JLINK_EMU_GetList(InterfaceMask = 0x00000001, MaxInfos = 0x00000032) [0]: USB, S/N: 268005015  returns 0x01 (0000ms, 36295ms total)
T131C 112278:785 JLINK_IsHalted()  returns TRUE (0000ms, 36295ms total)
T131C 112278:985 JLINK_IsHalted()  returns TRUE (0001ms, 36296ms total)
T131C 112279:186 JLINK_IsHalted()  returns TRUE (0000ms, 36295ms total)
T131C 112279:387 JLINK_IsHalted()  returns TRUE (0000ms, 36295ms total)
T131C 112279:587 JLINK_IsHalted()  returns TRUE (0001ms, 36296ms total)
T1C08 112279:771 JLINK_EMU_GetList(InterfaceMask = 0x00000001, MaxInfos = 0x00000032) [0]: USB, S/N: 268005015  returns 0x01 (0000ms, 36295ms total)
T131C 112279:788 JLINK_IsHalted()  returns TRUE (0000ms, 36295ms total)
T131C 112279:989 JLINK_IsHalted()  returns TRUE (0000ms, 36295ms total)
T131C 112280:189 JLINK_IsHalted()  returns TRUE (0000ms, 36295ms total)
T131C 112280:390 JLINK_IsHalted()  returns TRUE (0000ms, 36295ms total)
T131C 112280:590 JLINK_IsHalted()  returns TRUE (0000ms, 36295ms total)
T1C08 112280:776 JLINK_EMU_GetList(InterfaceMask = 0x00000001, MaxInfos = 0x00000032) [0]: USB, S/N: 268005015  returns 0x01 (0000ms, 36295ms total)
T131C 112280:790 JLINK_IsHalted()  returns TRUE (0001ms, 36296ms total)
T131C 112280:992 JLINK_IsHalted()  returns TRUE (0000ms, 36295ms total)
T131C 112281:192 JLINK_IsHalted()  returns TRUE (0000ms, 36295ms total)
T131C 112281:393 JLINK_IsHalted()  returns TRUE (0000ms, 36295ms total)
T131C 112281:594 JLINK_IsHalted()  returns TRUE (0000ms, 36295ms total)
T1C08 112281:781 JLINK_EMU_GetList(InterfaceMask = 0x00000001, MaxInfos = 0x00000032) [0]: USB, S/N: 268005015  returns 0x01 (0000ms, 36295ms total)
T131C 112281:794 JLINK_IsHalted()  returns TRUE (0000ms, 36295ms total)
T131C 112281:995 JLINK_IsHalted()  returns TRUE (0000ms, 36295ms total)
T131C 112282:196 JLINK_IsHalted()  returns TRUE (0000ms, 36295ms total)
T131C 112282:396 JLINK_IsHalted()  returns TRUE (0000ms, 36295ms total)
T131C 112282:596 JLINK_IsHalted()  returns TRUE (0001ms, 36296ms total)
T1C08 112282:785 JLINK_EMU_GetList(InterfaceMask = 0x00000001, MaxInfos = 0x00000032) [0]: USB, S/N: 268005015  returns 0x01 (0000ms, 36295ms total)
T131C 112282:798 JLINK_IsHalted()  returns TRUE (0000ms, 36295ms total)
T131C 112282:998 JLINK_IsHalted()  returns TRUE (0000ms, 36295ms total)
T131C 112283:199 JLINK_IsHalted()  returns TRUE (0000ms, 36295ms total)
T131C 112283:400 JLINK_IsHalted()  returns TRUE (0000ms, 36295ms total)
T131C 112283:600 JLINK_IsHalted()  returns TRUE (0000ms, 36295ms total)
T1C08 112283:790 JLINK_EMU_GetList(InterfaceMask = 0x00000001, MaxInfos = 0x00000032) [0]: USB, S/N: 268005015  returns 0x01 (0000ms, 36295ms total)
T131C 112283:801 JLINK_IsHalted()  returns TRUE (0000ms, 36295ms total)
T131C 112284:002 JLINK_IsHalted()  returns TRUE (0000ms, 36295ms total)
T131C 112284:202 JLINK_IsHalted()  returns TRUE (0000ms, 36295ms total)
T131C 112284:403 JLINK_IsHalted()  returns TRUE (0000ms, 36295ms total)
T131C 112284:603 JLINK_IsHalted()  returns TRUE (0000ms, 36295ms total)
T1C08 112284:794 JLINK_EMU_GetList(InterfaceMask = 0x00000001, MaxInfos = 0x00000032) [0]: USB, S/N: 268005015  returns 0x01 (0000ms, 36295ms total)
T131C 112284:804 JLINK_IsHalted()  returns TRUE (0000ms, 36295ms total)
T131C 112285:004 JLINK_IsHalted()  returns TRUE (0001ms, 36296ms total)
T131C 112285:206 JLINK_IsHalted()  returns TRUE (0000ms, 36295ms total)
T131C 112285:407 JLINK_IsHalted()  returns TRUE (0000ms, 36295ms total)
T131C 112285:607 JLINK_IsHalted()  returns TRUE (0001ms, 36296ms total)
T1C08 112285:798 JLINK_EMU_GetList(InterfaceMask = 0x00000001, MaxInfos = 0x00000032) [0]: USB, S/N: 268005015  returns 0x01 (0001ms, 36296ms total)
T131C 112285:809 JLINK_IsHalted()  returns TRUE (0000ms, 36296ms total)
T131C 112286:009 JLINK_IsHalted()  returns TRUE (0000ms, 36296ms total)
T131C 112286:209 JLINK_IsHalted()  returns TRUE (0001ms, 36297ms total)
T131C 112286:410 JLINK_IsHalted()  returns TRUE (0000ms, 36296ms total)
T131C 112286:611 JLINK_IsHalted()  returns TRUE (0000ms, 36296ms total)
T1C08 112286:803 JLINK_EMU_GetList(InterfaceMask = 0x00000001, MaxInfos = 0x00000032) [0]: USB, S/N: 268005015  returns 0x01 (0000ms, 36296ms total)
T131C 112286:812 JLINK_IsHalted()  returns TRUE (0000ms, 36296ms total)
T131C 112287:012 JLINK_IsHalted()  returns TRUE (0000ms, 36296ms total)
T131C 112287:213 JLINK_IsHalted()  returns TRUE (0000ms, 36296ms total)
T131C 112287:413 JLINK_IsHalted()  returns TRUE (0001ms, 36297ms total)
T131C 112287:614 JLINK_IsHalted()  returns TRUE (0000ms, 36296ms total)
T1C08 112287:807 JLINK_EMU_GetList(InterfaceMask = 0x00000001, MaxInfos = 0x00000032) [0]: USB, S/N: 268005015  returns 0x01 (0001ms, 36297ms total)
T131C 112287:815 JLINK_IsHalted()  returns TRUE (0000ms, 36297ms total)
T131C 112288:015 JLINK_IsHalted()  returns TRUE (0000ms, 36297ms total)
T131C 112288:216 JLINK_IsHalted()  returns TRUE (0000ms, 36297ms total)
T131C 112288:416 JLINK_IsHalted()  returns TRUE (0000ms, 36297ms total)
T131C 112288:616 JLINK_IsHalted()  returns TRUE (0001ms, 36298ms total)
T1C08 112288:812 JLINK_EMU_GetList(InterfaceMask = 0x00000001, MaxInfos = 0x00000032) [0]: USB, S/N: 268005015  returns 0x01 (0001ms, 36298ms total)
T131C 112288:817 JLINK_IsHalted()  returns TRUE (0000ms, 36298ms total)
T131C 112289:017 JLINK_IsHalted()  returns TRUE (0000ms, 36298ms total)
T131C 112289:217 JLINK_IsHalted()  returns TRUE (0001ms, 36299ms total)
T131C 112289:419 JLINK_IsHalted()  returns TRUE (0000ms, 36298ms total)
T131C 112289:619 JLINK_IsHalted()  returns TRUE (0000ms, 36298ms total)
T1C08 112289:816 JLINK_EMU_GetList(InterfaceMask = 0x00000001, MaxInfos = 0x00000032) [0]: USB, S/N: 268005015  returns 0x01 (0001ms, 36299ms total)
T131C 112289:819 JLINK_IsHalted()  returns TRUE (0001ms, 36300ms total)
T131C 112290:020 JLINK_IsHalted()  returns TRUE (0000ms, 36299ms total)
T131C 112290:220 JLINK_IsHalted()  returns TRUE (0000ms, 36299ms total)
T131C 112290:421 JLINK_IsHalted()  returns TRUE (0000ms, 36299ms total)
T131C 112290:622 JLINK_IsHalted()  returns TRUE (0000ms, 36299ms total)
T1C08 112290:821 JLINK_EMU_GetList(InterfaceMask = 0x00000001, MaxInfos = 0x00000032) [0]: USB, S/N: 268005015  returns 0x01 (0000ms, 36299ms total)
T131C 112290:822 JLINK_IsHalted()  returns TRUE (0000ms, 36299ms total)
T131C 112291:023 JLINK_IsHalted()  returns TRUE (0000ms, 36299ms total)
T131C 112291:224 JLINK_IsHalted()  returns TRUE (0000ms, 36299ms total)
T131C 112291:424 JLINK_IsHalted()  returns TRUE (0000ms, 36299ms total)
T131C 112291:625 JLINK_IsHalted()  returns TRUE (0001ms, 36300ms total)
T1C08 112291:825 JLINK_EMU_GetList(InterfaceMask = 0x00000001, MaxInfos = 0x00000032) [0]: USB, S/N: 268005015  returns 0x01 (0000ms, 36299ms total)
T131C 112291:826 JLINK_IsHalted()  returns TRUE (0000ms, 36299ms total)
T131C 112292:026 JLINK_IsHalted()  returns TRUE (0000ms, 36299ms total)
T131C 112292:227 JLINK_IsHalted()  returns TRUE (0001ms, 36300ms total)
T131C 112292:428 JLINK_IsHalted()  returns TRUE (0000ms, 36299ms total)
T131C 112292:629 JLINK_IsHalted()  returns TRUE (0000ms, 36299ms total)
T131C 112292:829 JLINK_IsHalted()  returns TRUE (0001ms, 36300ms total)
T1C08 112292:830 JLINK_EMU_GetList(InterfaceMask = 0x00000001, MaxInfos = 0x00000032) [0]: USB, S/N: 268005015  returns 0x01 (0000ms, 36299ms total)
T131C 112293:030 JLINK_IsHalted()  returns TRUE (0000ms, 36299ms total)
T131C 112293:231 JLINK_IsHalted()  returns TRUE (0000ms, 36299ms total)
T131C 112293:431 JLINK_IsHalted()  returns TRUE (0001ms, 36300ms total)
T131C 112293:632 JLINK_IsHalted()  returns TRUE (0000ms, 36299ms total)
T131C 112293:832 JLINK_IsHalted()  returns TRUE (0000ms, 36299ms total)
T1C08 112293:834 JLINK_EMU_GetList(InterfaceMask = 0x00000001, MaxInfos = 0x00000032) [0]: USB, S/N: 268005015  returns 0x01 (0000ms, 36299ms total)
T131C 112294:032 JLINK_IsHalted()  returns TRUE (0001ms, 36300ms total)
T131C 112294:233 JLINK_IsHalted()  returns TRUE (0000ms, 36299ms total)
T131C 112294:434 JLINK_IsHalted()  returns TRUE (0000ms, 36299ms total)
T131C 112294:634 JLINK_IsHalted()  returns TRUE (0001ms, 36300ms total)
T131C 112294:835 JLINK_IsHalted()  returns TRUE (0000ms, 36299ms total)
T1C08 112294:839 JLINK_EMU_GetList(InterfaceMask = 0x00000001, MaxInfos = 0x00000032) [0]: USB, S/N: 268005015  returns 0x01 (0000ms, 36299ms total)
T131C 112295:036 JLINK_IsHalted()  returns TRUE (0000ms, 36299ms total)
T131C 112295:237 JLINK_IsHalted()  returns TRUE (0001ms, 36300ms total)
T131C 112295:438 JLINK_IsHalted()  returns TRUE (0000ms, 36300ms total)
T131C 112295:638 JLINK_IsHalted()  returns TRUE (0000ms, 36300ms total)
T131C 112295:838 JLINK_IsHalted()  returns TRUE (0001ms, 36301ms total)
T1C08 112295:843 JLINK_EMU_GetList(InterfaceMask = 0x00000001, MaxInfos = 0x00000032) [0]: USB, S/N: 268005015  returns 0x01 (0000ms, 36300ms total)
T131C 112296:039 JLINK_IsHalted()  returns TRUE (0000ms, 36300ms total)
T131C 112296:239 JLINK_IsHalted()  returns TRUE (0000ms, 36300ms total)
T131C 112296:440 JLINK_IsHalted()  returns TRUE (0000ms, 36300ms total)
T131C 112296:640 JLINK_IsHalted()  returns TRUE (0000ms, 36300ms total)
T131C 112296:841 JLINK_IsHalted()  returns TRUE (0000ms, 36300ms total)
T1C08 112296:848 JLINK_EMU_GetList(InterfaceMask = 0x00000001, MaxInfos = 0x00000032) [0]: USB, S/N: 268005015  returns 0x01 (0000ms, 36300ms total)
T131C 112297:041 JLINK_IsHalted()  returns TRUE (0000ms, 36300ms total)
T131C 112297:242 JLINK_IsHalted()  returns TRUE (0000ms, 36300ms total)
T131C 112297:442 JLINK_IsHalted()  returns TRUE (0000ms, 36300ms total)
T131C 112297:643 JLINK_IsHalted()  returns TRUE (0000ms, 36300ms total)
T131C 112297:844 JLINK_IsHalted()  returns TRUE (0000ms, 36300ms total)
T1C08 112297:852 JLINK_EMU_GetList(InterfaceMask = 0x00000001, MaxInfos = 0x00000032) [0]: USB, S/N: 268005015  returns 0x01 (0000ms, 36300ms total)
T131C 112298:044 JLINK_IsHalted()  returns TRUE (0000ms, 36300ms total)
T131C 112298:245 JLINK_IsHalted()  returns TRUE (0000ms, 36300ms total)
T131C 112298:446 JLINK_IsHalted()  returns TRUE (0000ms, 36300ms total)
T131C 112298:646 JLINK_IsHalted()  returns TRUE (0000ms, 36300ms total)
T131C 112298:847 JLINK_IsHalted()  returns TRUE (0000ms, 36300ms total)
T1C08 112298:857 JLINK_EMU_GetList(InterfaceMask = 0x00000001, MaxInfos = 0x00000032) [0]: USB, S/N: 268005015  returns 0x01 (0000ms, 36300ms total)
T131C 112299:047 JLINK_IsHalted()  returns TRUE (0000ms, 36300ms total)
T131C 112299:248 JLINK_IsHalted()  returns TRUE (0000ms, 36300ms total)
T131C 112299:449 JLINK_IsHalted()  returns TRUE (0001ms, 36301ms total)
T131C 112299:651 JLINK_IsHalted()  returns TRUE (0000ms, 36300ms total)
T131C 112299:851 JLINK_IsHalted()  returns TRUE (0000ms, 36300ms total)
T1C08 112299:862 JLINK_EMU_GetList(InterfaceMask = 0x00000001, MaxInfos = 0x00000032) [0]: USB, S/N: 268005015  returns 0x01 (0000ms, 36300ms total)
T131C 112300:051 JLINK_IsHalted()  returns TRUE (0001ms, 36301ms total)
T131C 112300:253 JLINK_IsHalted()  returns TRUE (0000ms, 36300ms total)
T131C 112300:453 JLINK_IsHalted()  returns TRUE (0000ms, 36300ms total)
T131C 112300:654 JLINK_IsHalted()  returns TRUE (0000ms, 36300ms total)
T131C 112300:855 JLINK_IsHalted()  returns TRUE (0000ms, 36300ms total)
T1C08 112300:866 JLINK_EMU_GetList(InterfaceMask = 0x00000001, MaxInfos = 0x00000032) [0]: USB, S/N: 268005015  returns 0x01 (0001ms, 36301ms total)
T131C 112301:056 JLINK_IsHalted()  returns TRUE (0000ms, 36301ms total)
T131C 112301:256 JLINK_IsHalted()  returns TRUE (0001ms, 36302ms total)
T131C 112301:457 JLINK_IsHalted()  returns TRUE (0000ms, 36301ms total)
T131C 112301:658 JLINK_IsHalted()  returns TRUE (0000ms, 36301ms total)
T131C 112301:858 JLINK_IsHalted()  returns TRUE (0000ms, 36301ms total)
T1C08 112301:871 JLINK_EMU_GetList(InterfaceMask = 0x00000001, MaxInfos = 0x00000032) [0]: USB, S/N: 268005015  returns 0x01 (0000ms, 36301ms total)
T131C 112302:059 JLINK_IsHalted()  returns TRUE (0000ms, 36301ms total)
T131C 112302:259 JLINK_IsHalted()  returns TRUE (0000ms, 36301ms total)
T131C 112302:459 JLINK_IsHalted()  returns TRUE (0000ms, 36301ms total)
T131C 112302:660 JLINK_IsHalted()  returns TRUE (0000ms, 36301ms total)
T131C 112302:861 JLINK_IsHalted()  returns TRUE (0000ms, 36301ms total)
T1C08 112302:875 JLINK_EMU_GetList(InterfaceMask = 0x00000001, MaxInfos = 0x00000032) [0]: USB, S/N: 268005015  returns 0x01 (0000ms, 36301ms total)
T131C 112303:061 JLINK_IsHalted()  returns TRUE (0001ms, 36302ms total)
T131C 112303:262 JLINK_IsHalted()  returns TRUE (0000ms, 36302ms total)
T131C 112303:463 JLINK_IsHalted()  returns TRUE (0000ms, 36302ms total)
T131C 112303:663 JLINK_IsHalted()  returns TRUE (0000ms, 36302ms total)
T131C 112303:864 JLINK_IsHalted()  returns TRUE (0000ms, 36302ms total)
T1C08 112303:879 JLINK_EMU_GetList(InterfaceMask = 0x00000001, MaxInfos = 0x00000032) [0]: USB, S/N: 268005015  returns 0x01 (0000ms, 36302ms total)
T131C 112304:065 JLINK_IsHalted()  returns TRUE (0000ms, 36302ms total)
T131C 112304:265 JLINK_IsHalted()  returns TRUE (0001ms, 36303ms total)
T131C 112304:466 JLINK_IsHalted()  returns TRUE (0000ms, 36302ms total)
T131C 112304:667 JLINK_IsHalted()  returns TRUE (0000ms, 36302ms total)
T131C 112304:867 JLINK_IsHalted()  returns TRUE (0001ms, 36303ms total)
T1C08 112304:884 JLINK_EMU_GetList(InterfaceMask = 0x00000001, MaxInfos = 0x00000032) [0]: USB, S/N: 268005015  returns 0x01 (0000ms, 36302ms total)
T131C 112305:069 JLINK_IsHalted()  returns TRUE (0000ms, 36302ms total)
T131C 112305:270 JLINK_IsHalted()  returns TRUE (0000ms, 36302ms total)
